\BOOKMARK [0][-]{chapter*.2}{PEDOMAN PENGGUNAAN TUGAS AKHIR}{}% 1
\BOOKMARK [0][-]{chapter*.3}{ABSTRAK}{}% 2
\BOOKMARK [0][-]{chapter*.4}{ABSTRACT}{}% 3
\BOOKMARK [0][-]{chapter*.7}{KATA PENGANTAR}{}% 4
\BOOKMARK [0][-]{chapter.1}{PENDAHULUAN}{}% 5
\BOOKMARK [1][-]{section.1.1}{Latar Belakang}{chapter.1}% 6
\BOOKMARK [1][-]{section.1.2}{Rumusan Masalah}{chapter.1}% 7
\BOOKMARK [1][-]{section.1.3}{Tujuan}{chapter.1}% 8
\BOOKMARK [1][-]{section.1.4}{Metode Penelitian dan Teknik Pengumpulan Data}{chapter.1}% 9
\BOOKMARK [1][-]{section.1.5}{Sistematika Penulisan}{chapter.1}% 10
\BOOKMARK [0][-]{chapter.2}{TEORI DASAR}{}% 11
\BOOKMARK [1][-]{section.2.1}{Teori ke-1}{chapter.2}% 12
\BOOKMARK [1][-]{section.2.2}{Fotometri Galaksi Spiral}{chapter.2}% 13
\BOOKMARK [2][-]{subsection.2.2.1}{Fotometri Galaksi}{section.2.2}% 14
\BOOKMARK [0][-]{chapter.3}{PENGOLAHAN DATA}{}% 15
\BOOKMARK [1][-]{section.3.1}{METODE 1}{chapter.3}% 16
\BOOKMARK [0][-]{chapter.4}{HASIL DAN ANALISIS}{}% 17
\BOOKMARK [1][-]{section.4.1}{ANALISIS 1}{chapter.4}% 18
\BOOKMARK [1][-]{section.4.2}{ANALISIS}{chapter.4}% 19
\BOOKMARK [0][-]{chapter.5}{SIMPULAN DAN SARAN}{}% 20
\BOOKMARK [1][-]{section.5.1}{Simpulan}{chapter.5}% 21
\BOOKMARK [1][-]{section.5.2}{Saran}{chapter.5}% 22
\BOOKMARK [0][-]{section*.22}{DAFTAR PUSTAKA}{}% 23
\BOOKMARK [0][-]{appendix.A}{JUDUL LAMPIRAN}{}% 24
